<?xml version="1.0" encoding="UTF-8"?>
<testsuite name="com.io.NIOFileAPITest" tests="1" skipped="0" failures="0" errors="0" timestamp="2022-04-26T17:40:59" hostname="DESKTOP-E72B5JU" time="0.14">
  <properties/>
  <testcase name="givenPathWhenCheckedThenConfirm()" classname="com.io.NIOFileAPITest" time="0.14"/>
  <system-out><![CDATA[C:\Users\satla\TempPlayGround\temp1
C:\Users\satla\TempPlayGround\temp2
C:\Users\satla\TempPlayGround\temp3
C:\Users\satla\TempPlayGround\temp4
C:\Users\satla\TempPlayGround\temp5
C:\Users\satla\TempPlayGround\temp6
C:\Users\satla\TempPlayGround\temp7
C:\Users\satla\TempPlayGround\temp8
C:\Users\satla\TempPlayGround\temp9
------------------------------------
C:\Users\satla\TempPlayGround\temp1
C:\Users\satla\TempPlayGround\temp2
C:\Users\satla\TempPlayGround\temp3
C:\Users\satla\TempPlayGround\temp4
C:\Users\satla\TempPlayGround\temp5
C:\Users\satla\TempPlayGround\temp6
C:\Users\satla\TempPlayGround\temp7
C:\Users\satla\TempPlayGround\temp8
C:\Users\satla\TempPlayGround\temp9
-----------------------------------
]]></system-out>
  <system-err><![CDATA[]]></system-err>
</testsuite>
